{"name": "test_verify_user_is_able_to_book_chepeast_tickets_for_BLR_to_DEL", "status": "broken", "statusDetails": {"message": "selenium.common.exceptions.NoSuchElementException: Message: \n Element {//*[contains(@class,'sticky__parent')]//*[contains(@class,'button')]} was not present after 6 seconds!", "trace": "self = <tests.test_booking_page.TestBookingPage testMethod=test_verify_user_is_able_to_book_chepeast_tickets_for_BLR_to_DEL>\n\n    @pytest.mark.Regression\n    @pytest.mark.Roundtrip\n    def test_verify_user_is_able_to_book_chepeast_tickets_for_BLR_to_DEL(self):\n    \n        FlightSearchPage.search_tickets_for_BAN_DEL_week_round_trip(self,'Ban_Del_Trip')\n>       FlightSelectionPage.click_on_book_now_button(self)\n\ntests/test_booking_page.py:17: \n_ _ _ _ _ _ _ _ _ _ _ _ _ _ _ _ _ _ _ _ _ _ _ _ _ _ _ _ _ _ _ _ _ _ _ _ _ _ _ _ _ _ _ _ _ _ _ _ _ _ _ _ _ _ _ _ _ _ _ _ _ _ _ _ _ _ _ _ _ _ _ _ _ _ _ _ _ _ _ _ _ _ _ _ _ _ _ _ _ _ _ _ _ _ _ _ _ _ _ _ _ _ _ _ _ _ _ _ _ _ _ _ _ _ _ _ _ _\npages/flight_selection_page.py:9: in click_on_book_now_button\n    page.click_xpath(FlightSelectionPage.BookNowButton)\nvenv/lib/python3.10/site-packages/seleniumbase/fixtures/base_case.py:4500: in click_xpath\n    self.click(xpath, by=By.XPATH)\nvenv/lib/python3.10/site-packages/seleniumbase/fixtures/base_case.py:232: in click\n    element = page_actions.wait_for_element_visible(\nvenv/lib/python3.10/site-packages/seleniumbase/fixtures/page_actions.py:394: in wait_for_element_visible\n    timeout_exception(NoSuchElementException, message)\n_ _ _ _ _ _ _ _ _ _ _ _ _ _ _ _ _ _ _ _ _ _ _ _ _ _ _ _ _ _ _ _ _ _ _ _ _ _ _ _ _ _ _ _ _ _ _ _ _ _ _ _ _ _ _ _ _ _ _ _ _ _ _ _ _ _ _ _ _ _ _ _ _ _ _ _ _ _ _ _ _ _ _ _ _ _ _ _ _ _ _ _ _ _ _ _ _ _ _ _ _ _ _ _ _ _ _ _ _ _ _ _ _ _ _ _ _ _\n\nexception = <class 'selenium.common.exceptions.NoSuchElementException'>, message = \"\\n Element {//*[contains(@class,'sticky__parent')]//*[contains(@class,'button')]} was not present after 6 seconds!\"\n\n    def timeout_exception(exception, message):\n        exception, message = s_utils.format_exc(exception, message)\n>       raise exception(message)\nE       selenium.common.exceptions.NoSuchElementException: Message: \nE        Element {//*[contains(@class,'sticky__parent')]//*[contains(@class,'button')]} was not present after 6 seconds!\n\nvenv/lib/python3.10/site-packages/seleniumbase/fixtures/page_actions.py:163: NoSuchElementException"}, "start": 1674194450655, "stop": 1674194494314, "uuid": "26530818-6a2a-4fd8-b556-4e9cc52ac52a", "historyId": "40e827b6b15c69589219df08efdc1df8", "testCaseId": "0dff3932407ccfd68d6fcae5297f8c65", "fullName": "tests.test_booking_page.TestBookingPage#test_verify_user_is_able_to_book_chepeast_tickets_for_BLR_to_DEL", "labels": [{"name": "tag", "value": "Roundtrip"}, {"name": "tag", "value": "Regression"}, {"name": "parentSuite", "value": "tests"}, {"name": "suite", "value": "test_booking_page"}, {"name": "subSuite", "value": "TestBookingPage"}, {"name": "host", "value": "Shankars-MacBook-Air.local"}, {"name": "thread", "value": "65393-MainThread"}, {"name": "framework", "value": "pytest"}, {"name": "language", "value": "cpython3"}, {"name": "package", "value": "tests.test_booking_page"}]}